
                         MODELLER 9.18, 2017/02/17, r11002

     PROTEIN STRUCTURE MODELLING BY SATISFACTION OF SPATIAL RESTRAINTS


                     Copyright(c) 1989-2017 Andrej Sali
                            All Rights Reserved

                             Written by A. Sali
                               with help from
              B. Webb, M.S. Madhusudhan, M-Y. Shen, G.Q. Dong,
          M.A. Marti-Renom, N. Eswar, F. Alber, M. Topf, B. Oliva,
             A. Fiser, R. Sanchez, B. Yerkovich, A. Badretdinov,
                     F. Melo, J.P. Overington, E. Feyfant
                 University of California, San Francisco, USA
                    Rockefeller University, New York, USA
                      Harvard University, Cambridge, USA
                   Imperial Cancer Research Fund, London, UK
              Birkbeck College, University of London, London, UK


Kind, OS, HostName, Kernel, Processor: 4, Linux pcoms002.vu.nl 3.10.0-693.11.6.el7.x86_64 x86_64
Date and time of compilation         : 2017/02/17 14:47:45
MODELLER executable type             : x86_64-intel8
Job starting time (YY/MM/DD HH:MM:SS): 2018/03/05 14:31:23


check_ali___> Checking the sequence-structure alignment. 

Implied intrachain target CA(i)-CA(i+1) distances longer than  8.0 angstroms:

ALN_POS  TMPL  RID1  RID2  NAM1  NAM2     DIST
----------------------------------------------
     27     1  509   520      R     K    9.771
END OF TABLE
read_to_681_> topology.submodel read from topology file:        3
mdtrsr__446W> A potential that relies on one protein is used, yet you have at
              least one known structure available. MDT, not library, potential is used.
0 atoms in HETATM/BLK residues constrained
to protein atoms within 2.30 angstroms
and protein CA atoms within 10.00 angstroms
0 atoms in residues without defined topology
constrained to be rigid bodies
condens_443_> Restraints marked for deletion were removed.
              Total number of restraints before, now:     6025     5500
>> Model assessment by DOPE potential
iatmcls_286W> MODEL atom not classified:  ALA:OXT  ALA


>> ENERGY; Differences between the model's features and restraints:
Number of all residues in MODEL                   :       73
Number of all, selected real atoms                :      595     595
Number of all, selected pseudo atoms              :        0       0
Number of all static, selected restraints         :     5500    5500
COVALENT_CYS                                      :        F
NONBONDED_SEL_ATOMS                               :        1
Number of non-bonded pairs (excluding 1-2,1-3,1-4):    86566
Dynamic pairs routine                             : 1, NATM x NATM double loop
Atomic shift for contacts update (UPDATE_DYNAMIC) :    0.390
LENNARD_JONES_SWITCH                              :    6.500   7.500
COULOMB_JONES_SWITCH                              :    6.500   7.500
RESIDUE_SPAN_RANGE                                :        1    9999
NLOGN_USE                                         :       15
CONTACT_SHELL                                     :   15.000
DYNAMIC_PAIRS,_SPHERE,_COULOMB,_LENNARD,_MODELLER :        T       F       F       F       T
SPHERE_STDV                                       :    0.050
RADII_FACTOR                                      :    0.820
Current energy                                    :       -6718.6187




<< end of ENERGY.
DOPE score               : -6718.618652
>> Model assessment by GA341 potential

Surface library          : /usr/lib/modeller9.18/modlib/surf5.de
Pair library             : /usr/lib/modeller9.18/modlib/pair9.de
Chain identifier         : _
% sequence identity      :    15.068000
Sequence length          :           73
Compactness              :     0.379686
Native energy (pair)     :   -57.034614
Native energy (surface)  :    -5.338023
Native energy (combined) :    -4.881124
Z score (pair)           :    -4.596875
Z score (surface)        :    -4.165439
Z score (combined)       :    -6.370658
GA341 score              :     0.970760



>> ENERGY; Differences between the model's features and restraints:
Number of all residues in MODEL                   :       73
Number of all, selected real atoms                :      595     595
Number of all, selected pseudo atoms              :        0       0
Number of all static, selected restraints         :     5500    5500
COVALENT_CYS                                      :        F
NONBONDED_SEL_ATOMS                               :        1
Number of non-bonded pairs (excluding 1-2,1-3,1-4):     1301
Dynamic pairs routine                             : 2, NATM x NATM cell sorting
Atomic shift for contacts update (UPDATE_DYNAMIC) :    0.390
LENNARD_JONES_SWITCH                              :    6.500   7.500
COULOMB_JONES_SWITCH                              :    6.500   7.500
RESIDUE_SPAN_RANGE                                :        0   99999
NLOGN_USE                                         :       15
CONTACT_SHELL                                     :    4.000
DYNAMIC_PAIRS,_SPHERE,_COULOMB,_LENNARD,_MODELLER :        T       T       F       F       F
SPHERE_STDV                                       :    0.050
RADII_FACTOR                                      :    0.820
Current energy                                    :         372.8920





Summary of the restraint violations: 

   NUM     ... number of restraints.
   NUMVI   ... number of restraints with RVIOL > VIOL_REPORT_CUT[i].
   RVIOL   ... relative difference from the best value.
   NUMVP   ... number of restraints with -Ln(pdf) > VIOL_REPORT_CUT2[i].
   RMS_1   ... RMS(feature, minimally_violated_basis_restraint, NUMB).
   RMS_2   ... RMS(feature, best_value, NUMB).
   MOL.PDF ... scaled contribution to -Ln(Molecular pdf).

 #                     RESTRAINT_GROUP      NUM   NUMVI  NUMVP   RMS_1   RMS_2         MOL.PDF     S_i
------------------------------------------------------------------------------------------------------
 1 Bond length potential              :     601       0      0   0.003   0.003      2.0045       1.000
 2 Bond angle potential               :     808       0      0   1.484   1.484      34.092       1.000
 3 Stereochemical cosine torsion poten:     352       0     11  48.407  48.407      132.03       1.000
 4 Stereochemical improper torsion pot:     232       0      0   1.007   1.007      4.7347       1.000
 5 Soft-sphere overlap restraints     :    1301       0      0   0.002   0.002     0.55819       1.000
 6 Lennard-Jones 6-12 potential       :       0       0      0   0.000   0.000      0.0000       1.000
 7 Coulomb point-point electrostatic p:       0       0      0   0.000   0.000      0.0000       1.000
 8 H-bonding potential                :       0       0      0   0.000   0.000      0.0000       1.000
 9 Distance restraints 1 (CA-CA)      :    1140       0      0   0.440   0.440      39.212       1.000
10 Distance restraints 2 (N-O)        :    1207       0      3   0.564   0.564      63.595       1.000
11 Mainchain Phi dihedral restraints  :       0       0      0   0.000   0.000      0.0000       1.000
12 Mainchain Psi dihedral restraints  :       0       0      0   0.000   0.000      0.0000       1.000
13 Mainchain Omega dihedral restraints:      72       0      0   2.992   2.992      7.6005       1.000
14 Sidechain Chi_1 dihedral restraints:      68       0      0  77.255  77.255      11.197       1.000
15 Sidechain Chi_2 dihedral restraints:      54       0      0  57.196  57.196      16.412       1.000
16 Sidechain Chi_3 dihedral restraints:      25       0      0  73.931  73.931      15.825       1.000
17 Sidechain Chi_4 dihedral restraints:      11       0      0  99.778  99.778      7.1083       1.000
18 Disulfide distance restraints      :       0       0      0   0.000   0.000      0.0000       1.000
19 Disulfide angle restraints         :       0       0      0   0.000   0.000      0.0000       1.000
20 Disulfide dihedral angle restraints:       0       0      0   0.000   0.000      0.0000       1.000
21 Lower bound distance restraints    :       0       0      0   0.000   0.000      0.0000       1.000
22 Upper bound distance restraints    :       0       0      0   0.000   0.000      0.0000       1.000
23 Distance restraints 3 (SDCH-MNCH)  :     711       0      0   0.412   0.412      12.766       1.000
24 Sidechain Chi_5 dihedral restraints:       0       0      0   0.000   0.000      0.0000       1.000
25 Phi/Psi pair of dihedral restraints:      71       6      9  33.369  53.397      19.241       1.000
26 Distance restraints 4 (SDCH-SDCH)  :     148       0      0   0.637   0.637      6.5187       1.000
27 Distance restraints 5 (X-Y)        :       0       0      0   0.000   0.000      0.0000       1.000
28 NMR distance restraints 6 (X-Y)    :       0       0      0   0.000   0.000      0.0000       1.000
29 NMR distance restraints 7 (X-Y)    :       0       0      0   0.000   0.000      0.0000       1.000
30 Minimal distance restraints        :       0       0      0   0.000   0.000      0.0000       1.000
31 Non-bonded restraints              :       0       0      0   0.000   0.000      0.0000       1.000
32 Atomic accessibility restraints    :       0       0      0   0.000   0.000      0.0000       1.000
33 Atomic density restraints          :       0       0      0   0.000   0.000      0.0000       1.000
34 Absolute position restraints       :       0       0      0   0.000   0.000      0.0000       1.000
35 Dihedral angle difference restraint:       0       0      0   0.000   0.000      0.0000       1.000
36 GBSA implicit solvent potential    :       0       0      0   0.000   0.000      0.0000       1.000
37 EM density fitting potential       :       0       0      0   0.000   0.000      0.0000       1.000
38 SAXS restraints                    :       0       0      0   0.000   0.000      0.0000       1.000
39 Symmetry restraints                :       0       0      0   0.000   0.000      0.0000       1.000



# Heavy relative violation of each residue is written to: T0882.V99990001
# The profile is NOT normalized by the number of restraints.
# The profiles are smoothed over a window of residues:    1
# The sum of all numbers in the file:    6809.3945



List of the violated restraints:
   A restraint is violated when the relative difference
   from the best value (RVIOL) is larger than CUTOFF.

   ICSR   ... index of a restraint in the current set.
   RESNO  ... residue numbers of the first two atoms.
   ATM    ... IUPAC atom names of the first two atoms.
   FEAT   ... the value of the feature in the model.
   restr  ... the mean of the basis restraint with the smallest
              difference from the model (local minimum).
   viol   ... difference from the local minimum.
   rviol  ... relative difference from the local minimum.
   RESTR  ... the best value (global minimum).
   VIOL   ... difference from the best value.
   RVIOL  ... relative difference from the best value.


-------------------------------------------------------------------------------------------------

Feature 25                           : Phi/Psi pair of dihedral restraints     
List of the RVIOL violations larger than   :       6.5000

    #   ICSR  RESNO1/2 ATM1/2   INDATM1/2    FEAT   restr    viol   rviol   RESTR    VIOL   RVIOL
    1   2008  15D  16R C   N     117  119   88.39 -125.20  169.47    5.05  -63.00  177.65   23.24
    1         16R  16R N   CA    119  120 -134.04  140.60                  -41.10
    2   2018  25H  26N C   N     200  202  -62.84  -63.20    4.06    0.49 -119.90 -173.21    9.60
    2         26N  26N N   CA    202  203  -45.14  -41.10                  137.00
    3   2019  26N  27R C   N     208  210 -157.04 -125.20   64.04    2.27  -63.00  154.62   27.00
    3         27R  27R N   CA    210  211 -163.84  140.60                  -41.10
    4   2029  36L  37D C   N     297  299 -103.05  -96.50   15.54    0.64  -63.30  145.64   16.00
    4         37D  37D N   CA    299  300  100.11  114.20                  -40.00
    5   2030  37D  38G C   N     305  307  120.30   82.20   62.49    1.75  -62.40  177.30   31.67
    5         38G  38G N   CA    307  308  -41.03    8.50                  -41.20
    6   2064  71E  72K C   N     579  581  -98.84 -118.00   77.08    3.44  -62.90  111.21   12.96
    6         72K  72K N   CA    581  582   64.44  139.10                  -40.80


report______> Distribution of short non-bonded contacts:


DISTANCE1:  0.00 2.10 2.20 2.30 2.40 2.50 2.60 2.70 2.80 2.90 3.00 3.10 3.20 3.30 3.40
DISTANCE2:  2.10 2.20 2.30 2.40 2.50 2.60 2.70 2.80 2.90 3.00 3.10 3.20 3.30 3.40 3.50
FREQUENCY:     0    0    0    0    0    5   11   41   53   67   50   59   90  106   90


<< end of ENERGY.
>> Model assessment by DOPE potential
iatmcls_286W> MODEL atom not classified:  ALA:OXT  ALA


>> ENERGY; Differences between the model's features and restraints:
Number of all residues in MODEL                   :       73
Number of all, selected real atoms                :      595     595
Number of all, selected pseudo atoms              :        0       0
Number of all static, selected restraints         :     5500    5500
COVALENT_CYS                                      :        F
NONBONDED_SEL_ATOMS                               :        1
Number of non-bonded pairs (excluding 1-2,1-3,1-4):    86210
Dynamic pairs routine                             : 1, NATM x NATM double loop
Atomic shift for contacts update (UPDATE_DYNAMIC) :    0.390
LENNARD_JONES_SWITCH                              :    6.500   7.500
COULOMB_JONES_SWITCH                              :    6.500   7.500
RESIDUE_SPAN_RANGE                                :        1    9999
NLOGN_USE                                         :       15
CONTACT_SHELL                                     :   15.000
DYNAMIC_PAIRS,_SPHERE,_COULOMB,_LENNARD,_MODELLER :        T       F       F       F       T
SPHERE_STDV                                       :    0.050
RADII_FACTOR                                      :    0.820
Current energy                                    :       -6529.1929




<< end of ENERGY.
DOPE score               : -6529.192871
>> Model assessment by GA341 potential

Surface library          : /usr/lib/modeller9.18/modlib/surf5.de
Pair library             : /usr/lib/modeller9.18/modlib/pair9.de
Chain identifier         : _
% sequence identity      :    15.068000
Sequence length          :           73
Compactness              :     0.377259
Native energy (pair)     :   -60.711960
Native energy (surface)  :    -3.529657
Native energy (combined) :    -4.408878
Z score (pair)           :    -4.409967
Z score (surface)        :    -3.746548
Z score (combined)       :    -4.966900
GA341 score              :     0.578443



>> ENERGY; Differences between the model's features and restraints:
Number of all residues in MODEL                   :       73
Number of all, selected real atoms                :      595     595
Number of all, selected pseudo atoms              :        0       0
Number of all static, selected restraints         :     5500    5500
COVALENT_CYS                                      :        F
NONBONDED_SEL_ATOMS                               :        1
Number of non-bonded pairs (excluding 1-2,1-3,1-4):     1324
Dynamic pairs routine                             : 2, NATM x NATM cell sorting
Atomic shift for contacts update (UPDATE_DYNAMIC) :    0.390
LENNARD_JONES_SWITCH                              :    6.500   7.500
COULOMB_JONES_SWITCH                              :    6.500   7.500
RESIDUE_SPAN_RANGE                                :        0   99999
NLOGN_USE                                         :       15
CONTACT_SHELL                                     :    4.000
DYNAMIC_PAIRS,_SPHERE,_COULOMB,_LENNARD,_MODELLER :        T       T       F       F       F
SPHERE_STDV                                       :    0.050
RADII_FACTOR                                      :    0.820
Current energy                                    :         400.9960





Summary of the restraint violations: 

   NUM     ... number of restraints.
   NUMVI   ... number of restraints with RVIOL > VIOL_REPORT_CUT[i].
   RVIOL   ... relative difference from the best value.
   NUMVP   ... number of restraints with -Ln(pdf) > VIOL_REPORT_CUT2[i].
   RMS_1   ... RMS(feature, minimally_violated_basis_restraint, NUMB).
   RMS_2   ... RMS(feature, best_value, NUMB).
   MOL.PDF ... scaled contribution to -Ln(Molecular pdf).

 #                     RESTRAINT_GROUP      NUM   NUMVI  NUMVP   RMS_1   RMS_2         MOL.PDF     S_i
------------------------------------------------------------------------------------------------------
 1 Bond length potential              :     601       0      0   0.004   0.004      2.6516       1.000
 2 Bond angle potential               :     808       0      0   1.620   1.620      39.150       1.000
 3 Stereochemical cosine torsion poten:     352       0     11  49.560  49.560      139.45       1.000
 4 Stereochemical improper torsion pot:     232       0      0   1.185   1.185      6.1766       1.000
 5 Soft-sphere overlap restraints     :    1324       0      0   0.003   0.003      1.1014       1.000
 6 Lennard-Jones 6-12 potential       :       0       0      0   0.000   0.000      0.0000       1.000
 7 Coulomb point-point electrostatic p:       0       0      0   0.000   0.000      0.0000       1.000
 8 H-bonding potential                :       0       0      0   0.000   0.000      0.0000       1.000
 9 Distance restraints 1 (CA-CA)      :    1140       0      1   0.454   0.454      38.305       1.000
10 Distance restraints 2 (N-O)        :    1207       0      0   0.525   0.525      50.928       1.000
11 Mainchain Phi dihedral restraints  :       0       0      0   0.000   0.000      0.0000       1.000
12 Mainchain Psi dihedral restraints  :       0       0      0   0.000   0.000      0.0000       1.000
13 Mainchain Omega dihedral restraints:      72       0      0   3.231   3.231      8.8661       1.000
14 Sidechain Chi_1 dihedral restraints:      68       0      0  82.981  82.981      22.917       1.000
15 Sidechain Chi_2 dihedral restraints:      54       0      0  73.186  73.186      32.504       1.000
16 Sidechain Chi_3 dihedral restraints:      25       0      0  69.768  69.768      17.379       1.000
17 Sidechain Chi_4 dihedral restraints:      11       0      0 110.984 110.984      8.6404       1.000
18 Disulfide distance restraints      :       0       0      0   0.000   0.000      0.0000       1.000
19 Disulfide angle restraints         :       0       0      0   0.000   0.000      0.0000       1.000
20 Disulfide dihedral angle restraints:       0       0      0   0.000   0.000      0.0000       1.000
21 Lower bound distance restraints    :       0       0      0   0.000   0.000      0.0000       1.000
22 Upper bound distance restraints    :       0       0      0   0.000   0.000      0.0000       1.000
23 Distance restraints 3 (SDCH-MNCH)  :     711       0      0   0.383   0.383      9.7623       1.000
24 Sidechain Chi_5 dihedral restraints:       0       0      0   0.000   0.000      0.0000       1.000
25 Phi/Psi pair of dihedral restraints:      71       7     10  26.088  50.693      15.749       1.000
26 Distance restraints 4 (SDCH-SDCH)  :     148       0      0   0.682   0.682      7.4150       1.000
27 Distance restraints 5 (X-Y)        :       0       0      0   0.000   0.000      0.0000       1.000
28 NMR distance restraints 6 (X-Y)    :       0       0      0   0.000   0.000      0.0000       1.000
29 NMR distance restraints 7 (X-Y)    :       0       0      0   0.000   0.000      0.0000       1.000
30 Minimal distance restraints        :       0       0      0   0.000   0.000      0.0000       1.000
31 Non-bonded restraints              :       0       0      0   0.000   0.000      0.0000       1.000
32 Atomic accessibility restraints    :       0       0      0   0.000   0.000      0.0000       1.000
33 Atomic density restraints          :       0       0      0   0.000   0.000      0.0000       1.000
34 Absolute position restraints       :       0       0      0   0.000   0.000      0.0000       1.000
35 Dihedral angle difference restraint:       0       0      0   0.000   0.000      0.0000       1.000
36 GBSA implicit solvent potential    :       0       0      0   0.000   0.000      0.0000       1.000
37 EM density fitting potential       :       0       0      0   0.000   0.000      0.0000       1.000
38 SAXS restraints                    :       0       0      0   0.000   0.000      0.0000       1.000
39 Symmetry restraints                :       0       0      0   0.000   0.000      0.0000       1.000



# Heavy relative violation of each residue is written to: T0882.V99990002
# The profile is NOT normalized by the number of restraints.
# The profiles are smoothed over a window of residues:    1
# The sum of all numbers in the file:    7723.2764



List of the violated restraints:
   A restraint is violated when the relative difference
   from the best value (RVIOL) is larger than CUTOFF.

   ICSR   ... index of a restraint in the current set.
   RESNO  ... residue numbers of the first two atoms.
   ATM    ... IUPAC atom names of the first two atoms.
   FEAT   ... the value of the feature in the model.
   restr  ... the mean of the basis restraint with the smallest
              difference from the model (local minimum).
   viol   ... difference from the local minimum.
   rviol  ... relative difference from the local minimum.
   RESTR  ... the best value (global minimum).
   VIOL   ... difference from the best value.
   RVIOL  ... relative difference from the best value.


-------------------------------------------------------------------------------------------------

Feature 25                           : Phi/Psi pair of dihedral restraints     
List of the RVIOL violations larger than   :       6.5000

    #   ICSR  RESNO1/2 ATM1/2   INDATM1/2    FEAT   restr    viol   rviol   RESTR    VIOL   RVIOL
    1   2004  11S  12N C   N      88   90 -114.35 -119.90   96.41    4.51  -63.20   99.77   15.31
    1         12N  12N N   CA     90   91 -126.75  137.00                  -41.10
    2   2006  13K  14G C   N     105  107   94.94   82.20   14.40    0.65  -62.40  163.11   30.48
    2         14G  14G N   CA    107  108    1.80    8.50                  -41.20
    3   2019  26N  27R C   N     208  210  -70.79  -72.10   14.05    1.05  -63.00  169.18   22.34
    3         27R  27R N   CA    210  211  127.91  141.90                  -41.10
    4   2029  36L  37D C   N     297  299  -98.71  -96.50    7.60    0.32  -63.30  151.14   16.82
    4         37D  37D N   CA    299  300  106.93  114.20                  -40.00
    5   2030  37D  38G C   N     305  307  115.10   82.20   58.15    1.60  -62.40  177.50   31.78
    5         38G  38G N   CA    307  308  -39.45    8.50                  -41.20
    6   2050  57I  58E C   N     457  459  -90.81  -63.60   73.00    8.57  -63.60   73.00    8.57
    6         58E  58E N   CA    459  460   27.44  -40.30                  -40.30
    7   2064  71E  72K C   N     579  581 -101.99 -118.00   49.97    2.16  -62.90  138.21   16.25
    7         72K  72K N   CA    581  582   91.77  139.10                  -40.80


report______> Distribution of short non-bonded contacts:


DISTANCE1:  0.00 2.10 2.20 2.30 2.40 2.50 2.60 2.70 2.80 2.90 3.00 3.10 3.20 3.30 3.40
DISTANCE2:  2.10 2.20 2.30 2.40 2.50 2.60 2.70 2.80 2.90 3.00 3.10 3.20 3.30 3.40 3.50
FREQUENCY:     0    0    0    0    0    4    8   36   53   72   59   67   91   95  110


<< end of ENERGY.
>> Model assessment by DOPE potential
iatmcls_286W> MODEL atom not classified:  ALA:OXT  ALA


>> ENERGY; Differences between the model's features and restraints:
Number of all residues in MODEL                   :       73
Number of all, selected real atoms                :      595     595
Number of all, selected pseudo atoms              :        0       0
Number of all static, selected restraints         :     5500    5500
COVALENT_CYS                                      :        F
NONBONDED_SEL_ATOMS                               :        1
Number of non-bonded pairs (excluding 1-2,1-3,1-4):    87071
Dynamic pairs routine                             : 1, NATM x NATM double loop
Atomic shift for contacts update (UPDATE_DYNAMIC) :    0.390
LENNARD_JONES_SWITCH                              :    6.500   7.500
COULOMB_JONES_SWITCH                              :    6.500   7.500
RESIDUE_SPAN_RANGE                                :        1    9999
NLOGN_USE                                         :       15
CONTACT_SHELL                                     :   15.000
DYNAMIC_PAIRS,_SPHERE,_COULOMB,_LENNARD,_MODELLER :        T       F       F       F       T
SPHERE_STDV                                       :    0.050
RADII_FACTOR                                      :    0.820
Current energy                                    :       -6768.5039




<< end of ENERGY.
DOPE score               : -6768.503906
>> Model assessment by GA341 potential

Surface library          : /usr/lib/modeller9.18/modlib/surf5.de
Pair library             : /usr/lib/modeller9.18/modlib/pair9.de
Chain identifier         : _
% sequence identity      :    15.068000
Sequence length          :           73
Compactness              :     0.394900
Native energy (pair)     :   -60.782952
Native energy (surface)  :    -4.741066
Native energy (combined) :    -4.885434
Z score (pair)           :    -4.318255
Z score (surface)        :    -3.923386
Z score (combined)       :    -5.221061
GA341 score              :     0.683674



>> ENERGY; Differences between the model's features and restraints:
Number of all residues in MODEL                   :       73
Number of all, selected real atoms                :      595     595
Number of all, selected pseudo atoms              :        0       0
Number of all static, selected restraints         :     5500    5500
COVALENT_CYS                                      :        F
NONBONDED_SEL_ATOMS                               :        1
Number of non-bonded pairs (excluding 1-2,1-3,1-4):     1294
Dynamic pairs routine                             : 2, NATM x NATM cell sorting
Atomic shift for contacts update (UPDATE_DYNAMIC) :    0.390
LENNARD_JONES_SWITCH                              :    6.500   7.500
COULOMB_JONES_SWITCH                              :    6.500   7.500
RESIDUE_SPAN_RANGE                                :        0   99999
NLOGN_USE                                         :       15
CONTACT_SHELL                                     :    4.000
DYNAMIC_PAIRS,_SPHERE,_COULOMB,_LENNARD,_MODELLER :        T       T       F       F       F
SPHERE_STDV                                       :    0.050
RADII_FACTOR                                      :    0.820
Current energy                                    :         387.1070





Summary of the restraint violations: 

   NUM     ... number of restraints.
   NUMVI   ... number of restraints with RVIOL > VIOL_REPORT_CUT[i].
   RVIOL   ... relative difference from the best value.
   NUMVP   ... number of restraints with -Ln(pdf) > VIOL_REPORT_CUT2[i].
   RMS_1   ... RMS(feature, minimally_violated_basis_restraint, NUMB).
   RMS_2   ... RMS(feature, best_value, NUMB).
   MOL.PDF ... scaled contribution to -Ln(Molecular pdf).

 #                     RESTRAINT_GROUP      NUM   NUMVI  NUMVP   RMS_1   RMS_2         MOL.PDF     S_i
------------------------------------------------------------------------------------------------------
 1 Bond length potential              :     601       0      0   0.004   0.004      2.6599       1.000
 2 Bond angle potential               :     808       0      0   1.501   1.501      34.084       1.000
 3 Stereochemical cosine torsion poten:     352       0      8  48.200  48.200      134.44       1.000
 4 Stereochemical improper torsion pot:     232       0      0   1.059   1.059      4.8929       1.000
 5 Soft-sphere overlap restraints     :    1294       0      0   0.002   0.002     0.88492       1.000
 6 Lennard-Jones 6-12 potential       :       0       0      0   0.000   0.000      0.0000       1.000
 7 Coulomb point-point electrostatic p:       0       0      0   0.000   0.000      0.0000       1.000
 8 H-bonding potential                :       0       0      0   0.000   0.000      0.0000       1.000
 9 Distance restraints 1 (CA-CA)      :    1140       0      0   0.441   0.441      37.887       1.000
10 Distance restraints 2 (N-O)        :    1207       0      1   0.526   0.526      57.774       1.000
11 Mainchain Phi dihedral restraints  :       0       0      0   0.000   0.000      0.0000       1.000
12 Mainchain Psi dihedral restraints  :       0       0      0   0.000   0.000      0.0000       1.000
13 Mainchain Omega dihedral restraints:      72       0      0   2.875   2.875      7.0181       1.000
14 Sidechain Chi_1 dihedral restraints:      68       0      0  83.955  83.955      17.431       1.000
15 Sidechain Chi_2 dihedral restraints:      54       0      0  70.159  70.159      24.879       1.000
16 Sidechain Chi_3 dihedral restraints:      25       0      0  79.659  79.659      17.790       1.000
17 Sidechain Chi_4 dihedral restraints:      11       0      0 112.363 112.363      8.4772       1.000
18 Disulfide distance restraints      :       0       0      0   0.000   0.000      0.0000       1.000
19 Disulfide angle restraints         :       0       0      0   0.000   0.000      0.0000       1.000
20 Disulfide dihedral angle restraints:       0       0      0   0.000   0.000      0.0000       1.000
21 Lower bound distance restraints    :       0       0      0   0.000   0.000      0.0000       1.000
22 Upper bound distance restraints    :       0       0      0   0.000   0.000      0.0000       1.000
23 Distance restraints 3 (SDCH-MNCH)  :     711       0      0   0.375   0.375      9.7026       1.000
24 Sidechain Chi_5 dihedral restraints:       0       0      0   0.000   0.000      0.0000       1.000
25 Phi/Psi pair of dihedral restraints:      71       7      7  30.690  55.566      22.877       1.000
26 Distance restraints 4 (SDCH-SDCH)  :     148       0      0   0.617   0.617      6.3138       1.000
27 Distance restraints 5 (X-Y)        :       0       0      0   0.000   0.000      0.0000       1.000
28 NMR distance restraints 6 (X-Y)    :       0       0      0   0.000   0.000      0.0000       1.000
29 NMR distance restraints 7 (X-Y)    :       0       0      0   0.000   0.000      0.0000       1.000
30 Minimal distance restraints        :       0       0      0   0.000   0.000      0.0000       1.000
31 Non-bonded restraints              :       0       0      0   0.000   0.000      0.0000       1.000
32 Atomic accessibility restraints    :       0       0      0   0.000   0.000      0.0000       1.000
33 Atomic density restraints          :       0       0      0   0.000   0.000      0.0000       1.000
34 Absolute position restraints       :       0       0      0   0.000   0.000      0.0000       1.000
35 Dihedral angle difference restraint:       0       0      0   0.000   0.000      0.0000       1.000
36 GBSA implicit solvent potential    :       0       0      0   0.000   0.000      0.0000       1.000
37 EM density fitting potential       :       0       0      0   0.000   0.000      0.0000       1.000
38 SAXS restraints                    :       0       0      0   0.000   0.000      0.0000       1.000
39 Symmetry restraints                :       0       0      0   0.000   0.000      0.0000       1.000



# Heavy relative violation of each residue is written to: T0882.V99990003
# The profile is NOT normalized by the number of restraints.
# The profiles are smoothed over a window of residues:    1
# The sum of all numbers in the file:    7831.1768



List of the violated restraints:
   A restraint is violated when the relative difference
   from the best value (RVIOL) is larger than CUTOFF.

   ICSR   ... index of a restraint in the current set.
   RESNO  ... residue numbers of the first two atoms.
   ATM    ... IUPAC atom names of the first two atoms.
   FEAT   ... the value of the feature in the model.
   restr  ... the mean of the basis restraint with the smallest
              difference from the model (local minimum).
   viol   ... difference from the local minimum.
   rviol  ... relative difference from the local minimum.
   RESTR  ... the best value (global minimum).
   VIOL   ... difference from the best value.
   RVIOL  ... relative difference from the best value.


-------------------------------------------------------------------------------------------------

Feature 25                           : Phi/Psi pair of dihedral restraints     
List of the RVIOL violations larger than   :       6.5000

    #   ICSR  RESNO1/2 ATM1/2   INDATM1/2    FEAT   restr    viol   rviol   RESTR    VIOL   RVIOL
    1   2004  11S  12N C   N      88   90 -137.20 -119.90   94.58    3.88  -63.20  115.68   18.41
    1         12N  12N N   CA     90   91 -130.01  137.00                  -41.10
    2   2006  13K  14G C   N     105  107   79.05   82.20   17.20    0.68  -62.40  156.36   29.55
    2         14G  14G N   CA    107  108   25.42    8.50                  -41.20
    3   2007  14G  15D C   N     109  111  -61.81  -63.30   13.57    1.59  -70.90  156.48    8.16
    3         15D  15D N   CA    111  112  -53.49  -40.00                  150.30
    4   2008  15D  16R C   N     117  119   65.64  -63.00  138.38   19.72  -63.00  138.38   19.72
    4         16R  16R N   CA    119  120  -92.09  -41.10                  -41.10
    5   2019  26N  27R C   N     208  210  123.59 -125.20  114.90    3.90  -63.00 -131.10   41.37
    5         27R  27R N   CA    210  211  169.48  140.60                  -41.10
    6   2029  36L  37D C   N     297  299 -111.50  -96.50   15.00    0.61  -63.30  161.44   17.60
    6         37D  37D N   CA    299  300  114.08  114.20                  -40.00
    7   2030  37D  38G C   N     305  307  120.28   82.20   64.12    1.78  -62.40  177.33   31.75
    7         38G  38G N   CA    307  308  -43.09    8.50                  -41.20


report______> Distribution of short non-bonded contacts:


DISTANCE1:  0.00 2.10 2.20 2.30 2.40 2.50 2.60 2.70 2.80 2.90 3.00 3.10 3.20 3.30 3.40
DISTANCE2:  2.10 2.20 2.30 2.40 2.50 2.60 2.70 2.80 2.90 3.00 3.10 3.20 3.30 3.40 3.50
FREQUENCY:     0    0    0    0    0    4   11   35   47   69   54   63   99  101   88


<< end of ENERGY.
>> Model assessment by DOPE potential
iatmcls_286W> MODEL atom not classified:  ALA:OXT  ALA


>> ENERGY; Differences between the model's features and restraints:
Number of all residues in MODEL                   :       73
Number of all, selected real atoms                :      595     595
Number of all, selected pseudo atoms              :        0       0
Number of all static, selected restraints         :     5500    5500
COVALENT_CYS                                      :        F
NONBONDED_SEL_ATOMS                               :        1
Number of non-bonded pairs (excluding 1-2,1-3,1-4):    86682
Dynamic pairs routine                             : 1, NATM x NATM double loop
Atomic shift for contacts update (UPDATE_DYNAMIC) :    0.390
LENNARD_JONES_SWITCH                              :    6.500   7.500
COULOMB_JONES_SWITCH                              :    6.500   7.500
RESIDUE_SPAN_RANGE                                :        1    9999
NLOGN_USE                                         :       15
CONTACT_SHELL                                     :   15.000
DYNAMIC_PAIRS,_SPHERE,_COULOMB,_LENNARD,_MODELLER :        T       F       F       F       T
SPHERE_STDV                                       :    0.050
RADII_FACTOR                                      :    0.820
Current energy                                    :       -6838.7627




<< end of ENERGY.
DOPE score               : -6838.762695
>> Model assessment by GA341 potential

Surface library          : /usr/lib/modeller9.18/modlib/surf5.de
Pair library             : /usr/lib/modeller9.18/modlib/pair9.de
Chain identifier         : _
% sequence identity      :    15.068000
Sequence length          :           73
Compactness              :     0.381195
Native energy (pair)     :   -65.912981
Native energy (surface)  :    -4.525482
Native energy (combined) :    -4.907669
Z score (pair)           :    -4.538464
Z score (surface)        :    -3.811526
Z score (combined)       :    -5.200992
GA341 score              :     0.667053



>> ENERGY; Differences between the model's features and restraints:
Number of all residues in MODEL                   :       73
Number of all, selected real atoms                :      595     595
Number of all, selected pseudo atoms              :        0       0
Number of all static, selected restraints         :     5500    5500
COVALENT_CYS                                      :        F
NONBONDED_SEL_ATOMS                               :        1
Number of non-bonded pairs (excluding 1-2,1-3,1-4):     1333
Dynamic pairs routine                             : 2, NATM x NATM cell sorting
Atomic shift for contacts update (UPDATE_DYNAMIC) :    0.390
LENNARD_JONES_SWITCH                              :    6.500   7.500
COULOMB_JONES_SWITCH                              :    6.500   7.500
RESIDUE_SPAN_RANGE                                :        0   99999
NLOGN_USE                                         :       15
CONTACT_SHELL                                     :    4.000
DYNAMIC_PAIRS,_SPHERE,_COULOMB,_LENNARD,_MODELLER :        T       T       F       F       F
SPHERE_STDV                                       :    0.050
RADII_FACTOR                                      :    0.820
Current energy                                    :         327.6996





Summary of the restraint violations: 

   NUM     ... number of restraints.
   NUMVI   ... number of restraints with RVIOL > VIOL_REPORT_CUT[i].
   RVIOL   ... relative difference from the best value.
   NUMVP   ... number of restraints with -Ln(pdf) > VIOL_REPORT_CUT2[i].
   RMS_1   ... RMS(feature, minimally_violated_basis_restraint, NUMB).
   RMS_2   ... RMS(feature, best_value, NUMB).
   MOL.PDF ... scaled contribution to -Ln(Molecular pdf).

 #                     RESTRAINT_GROUP      NUM   NUMVI  NUMVP   RMS_1   RMS_2         MOL.PDF     S_i
------------------------------------------------------------------------------------------------------
 1 Bond length potential              :     601       0      0   0.004   0.004      2.3732       1.000
 2 Bond angle potential               :     808       0      0   1.518   1.518      34.715       1.000
 3 Stereochemical cosine torsion poten:     352       0     11  48.360  48.360      132.59       1.000
 4 Stereochemical improper torsion pot:     232       0      0   0.984   0.984      4.5253       1.000
 5 Soft-sphere overlap restraints     :    1333       0      0   0.002   0.002     0.75868       1.000
 6 Lennard-Jones 6-12 potential       :       0       0      0   0.000   0.000      0.0000       1.000
 7 Coulomb point-point electrostatic p:       0       0      0   0.000   0.000      0.0000       1.000
 8 H-bonding potential                :       0       0      0   0.000   0.000      0.0000       1.000
 9 Distance restraints 1 (CA-CA)      :    1140       0      0   0.390   0.390      26.885       1.000
10 Distance restraints 2 (N-O)        :    1207       0      1   0.487   0.487      47.969       1.000
11 Mainchain Phi dihedral restraints  :       0       0      0   0.000   0.000      0.0000       1.000
12 Mainchain Psi dihedral restraints  :       0       0      0   0.000   0.000      0.0000       1.000
13 Mainchain Omega dihedral restraints:      72       0      0   3.065   3.065      7.9743       1.000
14 Sidechain Chi_1 dihedral restraints:      68       0      0  74.887  74.887      14.743       1.000
15 Sidechain Chi_2 dihedral restraints:      54       0      0  66.064  66.064      17.483       1.000
16 Sidechain Chi_3 dihedral restraints:      25       0      0  74.055  74.055      19.335       1.000
17 Sidechain Chi_4 dihedral restraints:      11       0      0  83.264  83.264      6.6982       1.000
18 Disulfide distance restraints      :       0       0      0   0.000   0.000      0.0000       1.000
19 Disulfide angle restraints         :       0       0      0   0.000   0.000      0.0000       1.000
20 Disulfide dihedral angle restraints:       0       0      0   0.000   0.000      0.0000       1.000
21 Lower bound distance restraints    :       0       0      0   0.000   0.000      0.0000       1.000
22 Upper bound distance restraints    :       0       0      0   0.000   0.000      0.0000       1.000
23 Distance restraints 3 (SDCH-MNCH)  :     711       0      0   0.337   0.337      6.1738       1.000
24 Sidechain Chi_5 dihedral restraints:       0       0      0   0.000   0.000      0.0000       1.000
25 Phi/Psi pair of dihedral restraints:      71       4      7  28.239  45.364      3.5841       1.000
26 Distance restraints 4 (SDCH-SDCH)  :     148       0      0   0.338   0.338      1.8927       1.000
27 Distance restraints 5 (X-Y)        :       0       0      0   0.000   0.000      0.0000       1.000
28 NMR distance restraints 6 (X-Y)    :       0       0      0   0.000   0.000      0.0000       1.000
29 NMR distance restraints 7 (X-Y)    :       0       0      0   0.000   0.000      0.0000       1.000
30 Minimal distance restraints        :       0       0      0   0.000   0.000      0.0000       1.000
31 Non-bonded restraints              :       0       0      0   0.000   0.000      0.0000       1.000
32 Atomic accessibility restraints    :       0       0      0   0.000   0.000      0.0000       1.000
33 Atomic density restraints          :       0       0      0   0.000   0.000      0.0000       1.000
34 Absolute position restraints       :       0       0      0   0.000   0.000      0.0000       1.000
35 Dihedral angle difference restraint:       0       0      0   0.000   0.000      0.0000       1.000
36 GBSA implicit solvent potential    :       0       0      0   0.000   0.000      0.0000       1.000
37 EM density fitting potential       :       0       0      0   0.000   0.000      0.0000       1.000
38 SAXS restraints                    :       0       0      0   0.000   0.000      0.0000       1.000
39 Symmetry restraints                :       0       0      0   0.000   0.000      0.0000       1.000



# Heavy relative violation of each residue is written to: T0882.V99990004
# The profile is NOT normalized by the number of restraints.
# The profiles are smoothed over a window of residues:    1
# The sum of all numbers in the file:    6487.3418



List of the violated restraints:
   A restraint is violated when the relative difference
   from the best value (RVIOL) is larger than CUTOFF.

   ICSR   ... index of a restraint in the current set.
   RESNO  ... residue numbers of the first two atoms.
   ATM    ... IUPAC atom names of the first two atoms.
   FEAT   ... the value of the feature in the model.
   restr  ... the mean of the basis restraint with the smallest
              difference from the model (local minimum).
   viol   ... difference from the local minimum.
   rviol  ... relative difference from the local minimum.
   RESTR  ... the best value (global minimum).
   VIOL   ... difference from the best value.
   RVIOL  ... relative difference from the best value.


-------------------------------------------------------------------------------------------------

Feature 25                           : Phi/Psi pair of dihedral restraints     
List of the RVIOL violations larger than   :       6.5000

    #   ICSR  RESNO1/2 ATM1/2   INDATM1/2    FEAT   restr    viol   rviol   RESTR    VIOL   RVIOL
    1   2019  26N  27R C   N     208  210  140.90 -125.20  101.10    3.19  -63.00 -149.77   37.90
    1         27R  27R N   CA    210  211  178.08  140.60                  -41.10
    2   2029  36L  37D C   N     297  299 -102.14  -96.50   17.10    0.71  -63.30  143.41   15.76
    2         37D  37D N   CA    299  300   98.06  114.20                  -40.00
    3   2030  37D  38G C   N     305  307  118.16   82.20   61.53    1.70  -62.40  179.44   32.06
    3         38G  38G N   CA    307  308  -41.43    8.50                  -41.20
    4   2050  57I  58E C   N     457  459 -102.66  -63.60   91.31   10.62  -63.60   91.31   10.62
    4         58E  58E N   CA    459  460   42.23  -40.30                  -40.30


report______> Distribution of short non-bonded contacts:


DISTANCE1:  0.00 2.10 2.20 2.30 2.40 2.50 2.60 2.70 2.80 2.90 3.00 3.10 3.20 3.30 3.40
DISTANCE2:  2.10 2.20 2.30 2.40 2.50 2.60 2.70 2.80 2.90 3.00 3.10 3.20 3.30 3.40 3.50
FREQUENCY:     0    0    0    0    0    6   17   34   45   64   55   69   82   97  108


<< end of ENERGY.
>> Model assessment by DOPE potential
iatmcls_286W> MODEL atom not classified:  ALA:OXT  ALA


>> ENERGY; Differences between the model's features and restraints:
Number of all residues in MODEL                   :       73
Number of all, selected real atoms                :      595     595
Number of all, selected pseudo atoms              :        0       0
Number of all static, selected restraints         :     5500    5500
COVALENT_CYS                                      :        F
NONBONDED_SEL_ATOMS                               :        1
Number of non-bonded pairs (excluding 1-2,1-3,1-4):    86915
Dynamic pairs routine                             : 1, NATM x NATM double loop
Atomic shift for contacts update (UPDATE_DYNAMIC) :    0.390
LENNARD_JONES_SWITCH                              :    6.500   7.500
COULOMB_JONES_SWITCH                              :    6.500   7.500
RESIDUE_SPAN_RANGE                                :        1    9999
NLOGN_USE                                         :       15
CONTACT_SHELL                                     :   15.000
DYNAMIC_PAIRS,_SPHERE,_COULOMB,_LENNARD,_MODELLER :        T       F       F       F       T
SPHERE_STDV                                       :    0.050
RADII_FACTOR                                      :    0.820
Current energy                                    :       -6845.7505




<< end of ENERGY.
DOPE score               : -6845.750488
>> Model assessment by GA341 potential

Surface library          : /usr/lib/modeller9.18/modlib/surf5.de
Pair library             : /usr/lib/modeller9.18/modlib/pair9.de
Chain identifier         : _
% sequence identity      :    15.068000
Sequence length          :           73
Compactness              :     0.398785
Native energy (pair)     :   -71.801563
Native energy (surface)  :    -4.382634
Native energy (combined) :    -5.121017
Z score (pair)           :    -4.789660
Z score (surface)        :    -3.758604
Z score (combined)       :    -5.374446
GA341 score              :     0.741106



>> ENERGY; Differences between the model's features and restraints:
Number of all residues in MODEL                   :       73
Number of all, selected real atoms                :      595     595
Number of all, selected pseudo atoms              :        0       0
Number of all static, selected restraints         :     5500    5500
COVALENT_CYS                                      :        F
NONBONDED_SEL_ATOMS                               :        1
Number of non-bonded pairs (excluding 1-2,1-3,1-4):     1308
Dynamic pairs routine                             : 2, NATM x NATM cell sorting
Atomic shift for contacts update (UPDATE_DYNAMIC) :    0.390
LENNARD_JONES_SWITCH                              :    6.500   7.500
COULOMB_JONES_SWITCH                              :    6.500   7.500
RESIDUE_SPAN_RANGE                                :        0   99999
NLOGN_USE                                         :       15
CONTACT_SHELL                                     :    4.000
DYNAMIC_PAIRS,_SPHERE,_COULOMB,_LENNARD,_MODELLER :        T       T       F       F       F
SPHERE_STDV                                       :    0.050
RADII_FACTOR                                      :    0.820
Current energy                                    :         345.0947





Summary of the restraint violations: 

   NUM     ... number of restraints.
   NUMVI   ... number of restraints with RVIOL > VIOL_REPORT_CUT[i].
   RVIOL   ... relative difference from the best value.
   NUMVP   ... number of restraints with -Ln(pdf) > VIOL_REPORT_CUT2[i].
   RMS_1   ... RMS(feature, minimally_violated_basis_restraint, NUMB).
   RMS_2   ... RMS(feature, best_value, NUMB).
   MOL.PDF ... scaled contribution to -Ln(Molecular pdf).

 #                     RESTRAINT_GROUP      NUM   NUMVI  NUMVP   RMS_1   RMS_2         MOL.PDF     S_i
------------------------------------------------------------------------------------------------------
 1 Bond length potential              :     601       0      0   0.003   0.003      1.9335       1.000
 2 Bond angle potential               :     808       0      0   1.436   1.436      32.314       1.000
 3 Stereochemical cosine torsion poten:     352       0     11  49.101  49.101      133.22       1.000
 4 Stereochemical improper torsion pot:     232       0      0   0.986   0.986      4.3004       1.000
 5 Soft-sphere overlap restraints     :    1308       0      0   0.002   0.002     0.46318       1.000
 6 Lennard-Jones 6-12 potential       :       0       0      0   0.000   0.000      0.0000       1.000
 7 Coulomb point-point electrostatic p:       0       0      0   0.000   0.000      0.0000       1.000
 8 H-bonding potential                :       0       0      0   0.000   0.000      0.0000       1.000
 9 Distance restraints 1 (CA-CA)      :    1140       0      0   0.401   0.401      27.902       1.000
10 Distance restraints 2 (N-O)        :    1207       0      1   0.480   0.480      45.382       1.000
11 Mainchain Phi dihedral restraints  :       0       0      0   0.000   0.000      0.0000       1.000
12 Mainchain Psi dihedral restraints  :       0       0      0   0.000   0.000      0.0000       1.000
13 Mainchain Omega dihedral restraints:      72       0      0   3.350   3.350      9.5316       1.000
14 Sidechain Chi_1 dihedral restraints:      68       0      0  79.431  79.431      18.235       1.000
15 Sidechain Chi_2 dihedral restraints:      54       0      0  69.277  69.277      20.963       1.000
16 Sidechain Chi_3 dihedral restraints:      25       0      0  77.268  77.268      17.211       1.000
17 Sidechain Chi_4 dihedral restraints:      11       0      0  94.566  94.566      8.8106       1.000
18 Disulfide distance restraints      :       0       0      0   0.000   0.000      0.0000       1.000
19 Disulfide angle restraints         :       0       0      0   0.000   0.000      0.0000       1.000
20 Disulfide dihedral angle restraints:       0       0      0   0.000   0.000      0.0000       1.000
21 Lower bound distance restraints    :       0       0      0   0.000   0.000      0.0000       1.000
22 Upper bound distance restraints    :       0       0      0   0.000   0.000      0.0000       1.000
23 Distance restraints 3 (SDCH-MNCH)  :     711       0      0   0.464   0.464      15.850       1.000
24 Sidechain Chi_5 dihedral restraints:       0       0      0   0.000   0.000      0.0000       1.000
25 Phi/Psi pair of dihedral restraints:      71       4      7  24.295  42.102      2.1221       1.000
26 Distance restraints 4 (SDCH-SDCH)  :     148       0      0   0.670   0.670      6.8619       1.000
27 Distance restraints 5 (X-Y)        :       0       0      0   0.000   0.000      0.0000       1.000
28 NMR distance restraints 6 (X-Y)    :       0       0      0   0.000   0.000      0.0000       1.000
29 NMR distance restraints 7 (X-Y)    :       0       0      0   0.000   0.000      0.0000       1.000
30 Minimal distance restraints        :       0       0      0   0.000   0.000      0.0000       1.000
31 Non-bonded restraints              :       0       0      0   0.000   0.000      0.0000       1.000
32 Atomic accessibility restraints    :       0       0      0   0.000   0.000      0.0000       1.000
33 Atomic density restraints          :       0       0      0   0.000   0.000      0.0000       1.000
34 Absolute position restraints       :       0       0      0   0.000   0.000      0.0000       1.000
35 Dihedral angle difference restraint:       0       0      0   0.000   0.000      0.0000       1.000
36 GBSA implicit solvent potential    :       0       0      0   0.000   0.000      0.0000       1.000
37 EM density fitting potential       :       0       0      0   0.000   0.000      0.0000       1.000
38 SAXS restraints                    :       0       0      0   0.000   0.000      0.0000       1.000
39 Symmetry restraints                :       0       0      0   0.000   0.000      0.0000       1.000



# Heavy relative violation of each residue is written to: T0882.V99990005
# The profile is NOT normalized by the number of restraints.
# The profiles are smoothed over a window of residues:    1
# The sum of all numbers in the file:    6726.8652



List of the violated restraints:
   A restraint is violated when the relative difference
   from the best value (RVIOL) is larger than CUTOFF.

   ICSR   ... index of a restraint in the current set.
   RESNO  ... residue numbers of the first two atoms.
   ATM    ... IUPAC atom names of the first two atoms.
   FEAT   ... the value of the feature in the model.
   restr  ... the mean of the basis restraint with the smallest
              difference from the model (local minimum).
   viol   ... difference from the local minimum.
   rviol  ... relative difference from the local minimum.
   RESTR  ... the best value (global minimum).
   VIOL   ... difference from the best value.
   RVIOL  ... relative difference from the best value.


-------------------------------------------------------------------------------------------------

Feature 25                           : Phi/Psi pair of dihedral restraints     
List of the RVIOL violations larger than   :       6.5000

    #   ICSR  RESNO1/2 ATM1/2   INDATM1/2    FEAT   restr    viol   rviol   RESTR    VIOL   RVIOL
    1   2004  11S  12N C   N      88   90 -122.98 -119.90   81.03    3.61  -63.20  117.30   17.99
    1         12N  12N N   CA     90   91 -142.02  137.00                  -41.10
    2   2006  13K  14G C   N     105  107  102.80   82.20   28.92    0.91  -62.40  167.80   30.99
    2         14G  14G N   CA    107  108  -11.80    8.50                  -41.20
    3   2019  26N  27R C   N     208  210  162.57 -125.20   83.14    2.48  -63.00 -167.97   34.33
    3         27R  27R N   CA    210  211 -178.24  140.60                  -41.10
    4   2064  71E  72K C   N     579  581 -103.40 -118.00   60.09    2.69  -62.90  128.18   14.96
    4         72K  72K N   CA    581  582   80.81  139.10                  -40.80


report______> Distribution of short non-bonded contacts:


DISTANCE1:  0.00 2.10 2.20 2.30 2.40 2.50 2.60 2.70 2.80 2.90 3.00 3.10 3.20 3.30 3.40
DISTANCE2:  2.10 2.20 2.30 2.40 2.50 2.60 2.70 2.80 2.90 3.00 3.10 3.20 3.30 3.40 3.50
FREQUENCY:     0    0    0    0    0    3   18   35   52   55   53   65   90  111   85


<< end of ENERGY.

>> Summary of successfully produced models:
Filename                          molpdf     DOPE score    GA341 score
----------------------------------------------------------------------
T0882.B99990001.pdb            372.89200    -6718.61865        0.97076
T0882.B99990002.pdb            400.99597    -6529.19287        0.57844
T0882.B99990003.pdb            387.10696    -6768.50391        0.68367
T0882.B99990004.pdb            327.69962    -6838.76270        0.66705
T0882.B99990005.pdb            345.09473    -6845.75049        0.74111

