Log file opened on Sun Mar 18 23:31:01 2018
Host: pcoms002.vu.nl  pid: 43450  nodeid: 0  nnodes:  1
Gromacs version:    VERSION 4.6.7
Precision:          single
Memory model:       64 bit
MPI library:        thread_mpi
OpenMP support:     enabled
GPU support:        disabled
invsqrt routine:    gmx_software_invsqrt(x)
CPU acceleration:   AVX_256
FFT library:        fftw-3.3.3-sse2
Large file support: enabled
RDTSCP usage:       enabled
Built on:           Mon Aug 22 12:47:47 CEST 2016
Built by:           root@co7-3.clients.vu.nl [CMAKE]
Build OS/arch:      Linux 3.10.0-327.28.2.el7.x86_64 x86_64
Build CPU vendor:   GenuineIntel
Build CPU brand:    Intel(R) Core(TM) i5-3470 CPU @ 3.20GHz
Build CPU family:   6   Model: 58   Stepping: 9
Build CPU features: aes apic avx clfsh cmov cx8 cx16 f16c lahf_lm mmx msr nonstop_tsc pcid pclmuldq popcnt pse rdrnd rdtscp sse2 sse3 sse4.1 sse4.2 ssse3 tdt x2apic
C compiler:         /usr/bin/cc GNU cc (GCC) 4.8.5 20150623 (Red Hat 4.8.5-4)
C compiler flags:   -mavx    -Wextra -Wno-missing-field-initializers -Wno-sign-compare -Wall -Wno-unused -Wunused-value -Wno-unused-parameter -Wno-array-bounds -Wno-maybe-uninitialized -Wno-strict-overflow   -fomit-frame-pointer -funroll-all-loops -fexcess-precision=fast  -O3 -DNDEBUG


                         :-)  G  R  O  M  A  C  S  (-:

                               Grunge ROck MAChoS

                            :-)  VERSION 4.6.7  (-:

        Contributions from Mark Abraham, Emile Apol, Rossen Apostolov, 
           Herman J.C. Berendsen, Aldert van Buuren, Pär Bjelkmar,  
     Rudi van Drunen, Anton Feenstra, Gerrit Groenhof, Christoph Junghans, 
        Peter Kasson, Carsten Kutzner, Per Larsson, Pieter Meulenhoff, 
           Teemu Murtola, Szilard Pall, Sander Pronk, Roland Schulz, 
                Michael Shirts, Alfons Sijbers, Peter Tieleman,

               Berk Hess, David van der Spoel, and Erik Lindahl.

       Copyright (c) 1991-2000, University of Groningen, The Netherlands.
         Copyright (c) 2001-2012,2013, The GROMACS development team at
        Uppsala University & The Royal Institute of Technology, Sweden.
            check out http://www.gromacs.org for more information.

         This program is free software; you can redistribute it and/or
       modify it under the terms of the GNU Lesser General Public License
        as published by the Free Software Foundation; either version 2.1
             of the License, or (at your option) any later version.

                                :-)  mdrun  (-:


++++ PLEASE READ AND CITE THE FOLLOWING REFERENCE ++++
B. Hess and C. Kutzner and D. van der Spoel and E. Lindahl
GROMACS 4: Algorithms for highly efficient, load-balanced, and scalable
molecular simulation
J. Chem. Theory Comput. 4 (2008) pp. 435-447
-------- -------- --- Thank You --- -------- --------


++++ PLEASE READ AND CITE THE FOLLOWING REFERENCE ++++
D. van der Spoel, E. Lindahl, B. Hess, G. Groenhof, A. E. Mark and H. J. C.
Berendsen
GROMACS: Fast, Flexible and Free
J. Comp. Chem. 26 (2005) pp. 1701-1719
-------- -------- --- Thank You --- -------- --------


++++ PLEASE READ AND CITE THE FOLLOWING REFERENCE ++++
E. Lindahl and B. Hess and D. van der Spoel
GROMACS 3.0: A package for molecular simulation and trajectory analysis
J. Mol. Mod. 7 (2001) pp. 306-317
-------- -------- --- Thank You --- -------- --------


++++ PLEASE READ AND CITE THE FOLLOWING REFERENCE ++++
H. J. C. Berendsen, D. van der Spoel and R. van Drunen
GROMACS: A message-passing parallel molecular dynamics implementation
Comp. Phys. Comm. 91 (1995) pp. 43-56
-------- -------- --- Thank You --- -------- --------

Input Parameters:
   integrator           = steep
   nsteps               = 50000
   init-step            = 0
   cutoff-scheme        = Group
   ns_type              = Grid
   nstlist              = 1
   ndelta               = 2
   nstcomm              = 100
   comm-mode            = Linear
   nstlog               = 1000
   nstxout              = 0
   nstvout              = 0
   nstfout              = 0
   nstcalcenergy        = 100
   nstenergy            = 1000
   nstxtcout            = 0
   init-t               = 0
   delta-t              = 0.001
   xtcprec              = 1000
   fourierspacing       = 0.12
   nkx                  = 80
   nky                  = 60
   nkz                  = 48
   pme-order            = 4
   ewald-rtol           = 1e-05
   ewald-geometry       = 0
   epsilon-surface      = 0
   optimize-fft         = FALSE
   ePBC                 = xyz
   bPeriodicMols        = FALSE
   bContinuation        = FALSE
   bShakeSOR            = FALSE
   etc                  = No
   bPrintNHChains       = FALSE
   nsttcouple           = -1
   epc                  = No
   epctype              = Isotropic
   nstpcouple           = -1
   tau-p                = 1
   ref-p (3x3):
      ref-p[    0]={ 0.00000e+00,  0.00000e+00,  0.00000e+00}
      ref-p[    1]={ 0.00000e+00,  0.00000e+00,  0.00000e+00}
      ref-p[    2]={ 0.00000e+00,  0.00000e+00,  0.00000e+00}
   compress (3x3):
      compress[    0]={ 0.00000e+00,  0.00000e+00,  0.00000e+00}
      compress[    1]={ 0.00000e+00,  0.00000e+00,  0.00000e+00}
      compress[    2]={ 0.00000e+00,  0.00000e+00,  0.00000e+00}
   refcoord-scaling     = No
   posres-com (3):
      posres-com[0]= 0.00000e+00
      posres-com[1]= 0.00000e+00
      posres-com[2]= 0.00000e+00
   posres-comB (3):
      posres-comB[0]= 0.00000e+00
      posres-comB[1]= 0.00000e+00
      posres-comB[2]= 0.00000e+00
   verlet-buffer-drift  = 0.005
   rlist                = 1.4
   rlistlong            = 1.4
   nstcalclr            = 0
   rtpi                 = 0.05
   coulombtype          = PME
   coulomb-modifier     = None
   rcoulomb-switch      = 0
   rcoulomb             = 1.4
   vdwtype              = Cut-off
   vdw-modifier         = None
   rvdw-switch          = 0
   rvdw                 = 1.4
   epsilon-r            = 1
   epsilon-rf           = inf
   tabext               = 1
   implicit-solvent     = No
   gb-algorithm         = Still
   gb-epsilon-solvent   = 80
   nstgbradii           = 1
   rgbradii             = 1
   gb-saltconc          = 0
   gb-obc-alpha         = 1
   gb-obc-beta          = 0.8
   gb-obc-gamma         = 4.85
   gb-dielectric-offset = 0.009
   sa-algorithm         = Ace-approximation
   sa-surface-tension   = 2.05016
   DispCorr             = No
   bSimTemp             = FALSE
   free-energy          = no
   nwall                = 0
   wall-type            = 9-3
   wall-atomtype[0]     = -1
   wall-atomtype[1]     = -1
   wall-density[0]      = 0
   wall-density[1]      = 0
   wall-ewald-zfac      = 3
   pull                 = no
   rotation             = FALSE
   disre                = No
   disre-weighting      = Conservative
   disre-mixed          = FALSE
   dr-fc                = 1000
   dr-tau               = 0
   nstdisreout          = 100
   orires-fc            = 0
   orires-tau           = 0
   nstorireout          = 100
   dihre-fc             = 0
   em-stepsize          = 0.01
   em-tol               = 1000
   niter                = 20
   fc-stepsize          = 0
   nstcgsteep           = 1000
   nbfgscorr            = 10
   ConstAlg             = Lincs
   shake-tol            = 0.0001
   lincs-order          = 4
   lincs-warnangle      = 30
   lincs-iter           = 1
   bd-fric              = 0
   ld-seed              = 1993
   cos-accel            = 0
   deform (3x3):
      deform[    0]={ 0.00000e+00,  0.00000e+00,  0.00000e+00}
      deform[    1]={ 0.00000e+00,  0.00000e+00,  0.00000e+00}
      deform[    2]={ 0.00000e+00,  0.00000e+00,  0.00000e+00}
   adress               = FALSE
   userint1             = 0
   userint2             = 0
   userint3             = 0
   userint4             = 0
   userreal1            = 0
   userreal2            = 0
   userreal3            = 0
   userreal4            = 0
grpopts:
   nrdf:        7014
   ref-t:           0
   tau-t:           0
anneal:          No
ann-npoints:           0
   acc:	           0           0           0
   nfreeze:           N           N           N
   energygrp-flags[  0]: 0
   efield-x:
      n = 0
   efield-xt:
      n = 0
   efield-y:
      n = 0
   efield-yt:
      n = 0
   efield-z:
      n = 0
   efield-zt:
      n = 0
   bQMMM                = FALSE
   QMconstraints        = 0
   QMMMscheme           = 0
   scalefactor          = 1
qm-opts:
   ngQM                 = 0

Initializing Domain Decomposition on 24 nodes
Dynamic load balancing: no
Will sort the charge groups at every domain (re)decomposition
Initial maximum inter charge-group distances:
    two-body bonded interactions: 0.593 nm, LJ-14, atoms 780 788
  multi-body bonded interactions: 0.593 nm, Proper Dih., atoms 780 788
Minimum cell size due to bonded interactions: 0.652 nm
Guess for relative PME load: 0.77
Using 0 separate PME nodes, as guessed by mdrun
Optimizing the DD grid for 24 cells with a minimum initial size of 0.652 nm
The maximum allowed number of cells is: X 14 Y 10 Z 8
Domain decomposition grid 4 x 3 x 2, separate PME nodes 0
PME domain decomposition: 4 x 6 x 1
Domain decomposition nodeid 0, coordinates 0 0 0

Using 24 MPI threads

Detecting CPU-specific acceleration.
Present hardware specification:
Vendor: GenuineIntel
Brand:  Intel(R) Xeon(R) CPU E5-2630 0 @ 2.30GHz
Family:  6  Model: 45  Stepping:  7
Features: aes apic avx clfsh cmov cx8 cx16 htt lahf_lm mmx msr nonstop_tsc pcid pclmuldq pdcm pdpe1gb popcnt pse rdtscp sse2 sse3 sse4.1 sse4.2 ssse3 tdt x2apic
Acceleration most likely to fit this hardware: AVX_256
Acceleration selected at GROMACS compile time: AVX_256

Table routines are used for coulomb: FALSE
Table routines are used for vdw:     FALSE
Will do PME sum in reciprocal space.

++++ PLEASE READ AND CITE THE FOLLOWING REFERENCE ++++
U. Essmann, L. Perera, M. L. Berkowitz, T. Darden, H. Lee and L. G. Pedersen 
A smooth particle mesh Ewald method
J. Chem. Phys. 103 (1995) pp. 8577-8592
-------- -------- --- Thank You --- -------- --------

Will do ordinary reciprocal space Ewald sum.
Using a Gaussian width (1/beta) of 0.448228 nm for Ewald
Cut-off's:   NS: 1.4   Coulomb: 1.4   LJ: 1.4
System total charge: -1.000
Generated table with 1200 data points for Ewald.
Tabscale = 500 points/nm
Generated table with 1200 data points for LJ6.
Tabscale = 500 points/nm
Generated table with 1200 data points for LJ12.
Tabscale = 500 points/nm
Generated table with 1200 data points for 1-4 COUL.
Tabscale = 500 points/nm
Generated table with 1200 data points for 1-4 LJ6.
Tabscale = 500 points/nm
Generated table with 1200 data points for 1-4 LJ12.
Tabscale = 500 points/nm
Potential shift: LJ r^-12: 0.000 r^-6 0.000, Ewald 0.000e+00
Initialized non-bonded Ewald correction tables, spacing: 7.81e-04 size: 3076

Removing pbc first time
Pinning threads with an auto-selected logical core stride of 1

Linking all bonded interactions to atoms
There are 8088 inter charge-group exclusions,
will use an extra communication step for exclusion forces for PME

The initial number of communication pulses is: X 1 Y 1 Z 1
The initial domain decomposition cell size is: X 2.35 nm Y 2.34 nm Z 2.80 nm

The maximum allowed distance for charge groups involved in interactions is:
                 non-bonded interactions           1.400 nm
            two-body bonded interactions  (-rdd)   1.400 nm
          multi-body bonded interactions  (-rdd)   1.400 nm


Making 3D domain decomposition grid 4 x 3 x 2, home cell index 0 0 0

Initiating Steepest Descents
Charge group distribution at step 0: 0 3 7 35 0 0 10 12 176 188 28 27 36 23 183 209 22 6 0 0 8 24 2 0
Grid: 4 x 4 x 3 cells
Started Steepest Descents on node 0 Sun Mar 18 23:31:01 2018

Steepest Descents:
   Tolerance (Fmax)   =  1.00000e+03
   Number of steps    =        50000

           Step           Time         Lambda
              0        0.00000        0.00000

   Energies (kJ/mol)
        G96Bond       G96Angle    Proper Dih.  Improper Dih.          LJ-14
    2.04639e+03    1.89675e+03    1.09482e+03    1.28810e+02    1.28761e+03
     Coulomb-14        LJ (SR)   Coulomb (SR)   Coul. recip.      Potential
    3.78161e+04    5.72519e+03   -1.79921e+04   -3.25573e+04   -5.53689e+02
 Pressure (bar)
    0.00000e+00

DD  step 0 load imb.: force 316.2%

           Step           Time         Lambda
              1        1.00000        0.00000

   Energies (kJ/mol)
        G96Bond       G96Angle    Proper Dih.  Improper Dih.          LJ-14
    2.05319e+03    1.88982e+03    1.09473e+03    1.28634e+02    1.28559e+03
     Coulomb-14        LJ (SR)   Coulomb (SR)   Coul. recip.      Potential
    3.78109e+04   -1.15752e+03   -1.79876e+04   -3.25574e+04   -7.43960e+03
 Pressure (bar)
    0.00000e+00

           Step           Time         Lambda
              2        2.00000        0.00000

   Energies (kJ/mol)
        G96Bond       G96Angle    Proper Dih.  Improper Dih.          LJ-14
    1.93733e+03    1.85876e+03    1.09432e+03    1.27491e+02    1.27519e+03
     Coulomb-14        LJ (SR)   Coulomb (SR)   Coul. recip.      Potential
    3.78030e+04   -3.72714e+03   -1.79935e+04   -3.25599e+04   -1.01845e+04
 Pressure (bar)
    0.00000e+00

           Step           Time         Lambda
              3        3.00000        0.00000

   Energies (kJ/mol)
        G96Bond       G96Angle    Proper Dih.  Improper Dih.          LJ-14
    1.27363e+03    1.68883e+03    1.09258e+03    1.21062e+02    1.21972e+03
     Coulomb-14        LJ (SR)   Coulomb (SR)   Coul. recip.      Potential
    3.77651e+04   -4.60774e+03   -1.80261e+04   -3.25745e+04   -1.20474e+04
 Pressure (bar)
    0.00000e+00

           Step           Time         Lambda
              4        4.00000        0.00000

   Energies (kJ/mol)
        G96Bond       G96Angle    Proper Dih.  Improper Dih.          LJ-14
    1.09989e+03    1.30307e+03    1.08913e+03    1.22947e+02    9.99802e+02
     Coulomb-14        LJ (SR)   Coulomb (SR)   Coul. recip.      Potential
    3.76241e+04   -5.14352e+03   -1.81412e+04   -3.26214e+04   -1.36672e+04
 Pressure (bar)
    0.00000e+00

           Step           Time         Lambda
              5        5.00000        0.00000

           Step           Time         Lambda
              6        6.00000        0.00000

   Energies (kJ/mol)
        G96Bond       G96Angle    Proper Dih.  Improper Dih.          LJ-14
    4.69950e+02    1.22629e+03    1.08059e+03    1.17196e+02    9.56086e+02
     Coulomb-14        LJ (SR)   Coulomb (SR)   Coul. recip.      Potential
    3.76123e+04   -5.23469e+03   -1.81280e+04   -3.26024e+04   -1.45026e+04
 Pressure (bar)
    0.00000e+00

           Step           Time         Lambda
              7        7.00000        0.00000

           Step           Time         Lambda
              8        8.00000        0.00000

   Energies (kJ/mol)
        G96Bond       G96Angle    Proper Dih.  Improper Dih.          LJ-14
    3.78185e+02    1.10764e+03    1.08039e+03    1.28896e+02    8.73559e+02
     Coulomb-14        LJ (SR)   Coulomb (SR)   Coul. recip.      Potential
    3.75670e+04   -5.31926e+03   -1.81837e+04   -3.26302e+04   -1.49975e+04
 Pressure (bar)
    0.00000e+00

           Step           Time         Lambda
              9        9.00000        0.00000

   Energies (kJ/mol)
        G96Bond       G96Angle    Proper Dih.  Improper Dih.          LJ-14
    3.10482e+02    1.07152e+03    1.07744e+03    1.38272e+02    8.04551e+02
     Coulomb-14        LJ (SR)   Coulomb (SR)   Coul. recip.      Potential
    3.75219e+04   -5.41724e+03   -1.81805e+04   -3.26242e+04   -1.52977e+04
 Pressure (bar)
    0.00000e+00

           Step           Time         Lambda
             10       10.00000        0.00000

   Energies (kJ/mol)
        G96Bond       G96Angle    Proper Dih.  Improper Dih.          LJ-14
    4.62902e+02    1.05394e+03    1.07741e+03    1.56041e+02    7.21139e+02
     Coulomb-14        LJ (SR)   Coulomb (SR)   Coul. recip.      Potential
    3.74840e+04   -5.50201e+03   -1.82643e+04   -3.26610e+04   -1.54719e+04
 Pressure (bar)
    0.00000e+00

           Step           Time         Lambda
             11       11.00000        0.00000

   Energies (kJ/mol)
        G96Bond       G96Angle    Proper Dih.  Improper Dih.          LJ-14
    2.95629e+02    1.02715e+03    1.07620e+03    1.59166e+02    7.02992e+02
     Coulomb-14        LJ (SR)   Coulomb (SR)   Coul. recip.      Potential
    3.74560e+04   -5.54500e+03   -1.82179e+04   -3.26418e+04   -1.56876e+04
 Pressure (bar)
    0.00000e+00

           Step           Time         Lambda
             12       12.00000        0.00000

           Step           Time         Lambda
             13       13.00000        0.00000

   Energies (kJ/mol)
        G96Bond       G96Angle    Proper Dih.  Improper Dih.          LJ-14
    2.28479e+02    1.01812e+03    1.07633e+03    1.68182e+02    6.61655e+02
     Coulomb-14        LJ (SR)   Coulomb (SR)   Coul. recip.      Potential
    3.74429e+04   -5.58317e+03   -1.82712e+04   -3.26633e+04   -1.59219e+04
 Pressure (bar)
    0.00000e+00

           Step           Time         Lambda
             14       14.00000        0.00000

   Energies (kJ/mol)
        G96Bond       G96Angle    Proper Dih.  Improper Dih.          LJ-14
    2.82810e+02    1.01107e+03    1.07594e+03    1.86243e+02    5.92283e+02
     Coulomb-14        LJ (SR)   Coulomb (SR)   Coul. recip.      Potential
    3.73841e+04   -5.67706e+03   -1.82677e+04   -3.26660e+04   -1.60782e+04
 Pressure (bar)
    0.00000e+00

           Step           Time         Lambda
             15       15.00000        0.00000

   Energies (kJ/mol)
        G96Bond       G96Angle    Proper Dih.  Improper Dih.          LJ-14
    2.72409e+02    1.03193e+03    1.07638e+03    1.96563e+02    5.49838e+02
     Coulomb-14        LJ (SR)   Coulomb (SR)   Coul. recip.      Potential
    3.73749e+04   -5.71407e+03   -1.83367e+04   -3.26918e+04   -1.62406e+04
 Pressure (bar)
    0.00000e+00

           Step           Time         Lambda
             16       16.00000        0.00000

   Energies (kJ/mol)
        G96Bond       G96Angle    Proper Dih.  Improper Dih.          LJ-14
    3.13502e+02    1.01590e+03    1.07603e+03    2.02479e+02    5.28377e+02
     Coulomb-14        LJ (SR)   Coulomb (SR)   Coul. recip.      Potential
    3.73396e+04   -5.75445e+03   -1.82982e+04   -3.26812e+04   -1.62579e+04
 Pressure (bar)
    0.00000e+00

           Step           Time         Lambda
             17       17.00000        0.00000

   Energies (kJ/mol)
        G96Bond       G96Angle    Proper Dih.  Improper Dih.          LJ-14
    3.48289e+02    1.05735e+03    1.07667e+03    2.13683e+02    4.84783e+02
     Coulomb-14        LJ (SR)   Coulomb (SR)   Coul. recip.      Potential
    3.73331e+04   -5.78902e+03   -1.83807e+04   -3.27117e+04   -1.63675e+04
 Pressure (bar)
    0.00000e+00

           Step           Time         Lambda
             18       18.00000        0.00000

           Step           Time         Lambda
             19       19.00000        0.00000

   Energies (kJ/mol)
        G96Bond       G96Angle    Proper Dih.  Improper Dih.          LJ-14
    1.83061e+02    1.01686e+03    1.07636e+03    2.14532e+02    4.79565e+02
     Coulomb-14        LJ (SR)   Coulomb (SR)   Coul. recip.      Potential
    3.73163e+04   -5.80390e+03   -1.83509e+04   -3.27026e+04   -1.65708e+04
 Pressure (bar)
    0.00000e+00

           Step           Time         Lambda
             20       20.00000        0.00000

   Energies (kJ/mol)
        G96Bond       G96Angle    Proper Dih.  Improper Dih.          LJ-14
    3.96236e+02    1.08844e+03    1.07768e+03    2.41354e+02    3.85002e+02
     Coulomb-14        LJ (SR)   Coulomb (SR)   Coul. recip.      Potential
    3.72644e+04   -5.90172e+03   -1.84441e+04   -3.27425e+04   -1.66352e+04
 Pressure (bar)
    0.00000e+00

           Step           Time         Lambda
             21       21.00000        0.00000

   Energies (kJ/mol)
        G96Bond       G96Angle    Proper Dih.  Improper Dih.          LJ-14
    1.86443e+02    1.03692e+03    1.07728e+03    2.40712e+02    3.84363e+02
     Coulomb-14        LJ (SR)   Coulomb (SR)   Coul. recip.      Potential
    3.72472e+04   -5.91340e+03   -1.84085e+04   -3.27309e+04   -1.68799e+04
 Pressure (bar)
    0.00000e+00

           Step           Time         Lambda
             22       22.00000        0.00000

           Step           Time         Lambda
             23       23.00000        0.00000

   Energies (kJ/mol)
        G96Bond       G96Angle    Proper Dih.  Improper Dih.          LJ-14
    2.20673e+02    1.06277e+03    1.07767e+03    2.48013e+02    3.55599e+02
     Coulomb-14        LJ (SR)   Coulomb (SR)   Coul. recip.      Potential
    3.72323e+04   -5.94120e+03   -1.84455e+04   -3.27467e+04   -1.69363e+04
 Pressure (bar)
    0.00000e+00

           Step           Time         Lambda
             24       24.00000        0.00000

   Energies (kJ/mol)
        G96Bond       G96Angle    Proper Dih.  Improper Dih.          LJ-14
    1.99886e+02    1.04598e+03    1.07754e+03    2.50323e+02    3.46824e+02
     Coulomb-14        LJ (SR)   Coulomb (SR)   Coul. recip.      Potential
    3.72174e+04   -5.95748e+03   -1.84339e+04   -3.27437e+04   -1.69972e+04
 Pressure (bar)
    0.00000e+00

           Step           Time         Lambda
             25       25.00000        0.00000

   Energies (kJ/mol)
        G96Bond       G96Angle    Proper Dih.  Improper Dih.          LJ-14
    2.54166e+02    1.08139e+03    1.07798e+03    2.57082e+02    3.19772e+02
     Coulomb-14        LJ (SR)   Coulomb (SR)   Coul. recip.      Potential
    3.72048e+04   -5.98093e+03   -1.84761e+04   -3.27613e+04   -1.70231e+04
 Pressure (bar)
    0.00000e+00

           Step           Time         Lambda
             26       26.00000        0.00000

   Energies (kJ/mol)
        G96Bond       G96Angle    Proper Dih.  Improper Dih.          LJ-14
    2.31792e+02    1.05544e+03    1.07780e+03    2.58615e+02    3.14587e+02
     Coulomb-14        LJ (SR)   Coulomb (SR)   Coul. recip.      Potential
    3.71905e+04   -5.99522e+03   -1.84566e+04   -3.27553e+04   -1.70784e+04
 Pressure (bar)
    0.00000e+00

           Step           Time         Lambda
             27       27.00000        0.00000

           Step           Time         Lambda
             28       28.00000        0.00000

   Energies (kJ/mol)
        G96Bond       G96Angle    Proper Dih.  Improper Dih.          LJ-14
    1.83771e+02    1.06847e+03    1.07802e+03    2.61726e+02    3.00748e+02
     Coulomb-14        LJ (SR)   Coulomb (SR)   Coul. recip.      Potential
    3.71849e+04   -6.00540e+03   -1.84812e+04   -3.27654e+04   -1.71743e+04
 Pressure (bar)
    0.00000e+00

           Step           Time         Lambda
             29       29.00000        0.00000

   Energies (kJ/mol)
        G96Bond       G96Angle    Proper Dih.  Improper Dih.          LJ-14
    2.71981e+02    1.07568e+03    1.07853e+03    2.72680e+02    2.61863e+02
     Coulomb-14        LJ (SR)   Coulomb (SR)   Coul. recip.      Potential
    3.71485e+04   -6.05459e+03   -1.85023e+04   -3.27781e+04   -1.72258e+04
 Pressure (bar)
    0.00000e+00

           Step           Time         Lambda
             30       30.00000        0.00000

   Energies (kJ/mol)
        G96Bond       G96Angle    Proper Dih.  Improper Dih.          LJ-14
    1.99746e+02    1.09167e+03    1.07870e+03    2.75657e+02    2.46579e+02
     Coulomb-14        LJ (SR)   Coulomb (SR)   Coul. recip.      Potential
    3.71406e+04   -6.06390e+03   -1.85307e+04   -3.27896e+04   -1.73513e+04
 Pressure (bar)
    0.00000e+00

           Step           Time         Lambda
             31       31.00000        0.00000

           Step           Time         Lambda
             32       32.00000        0.00000

   Energies (kJ/mol)
        G96Bond       G96Angle    Proper Dih.  Improper Dih.          LJ-14
    1.95371e+02    1.08203e+03    1.07879e+03    2.77771e+02    2.39011e+02
     Coulomb-14        LJ (SR)   Coulomb (SR)   Coul. recip.      Potential
    3.71322e+04   -6.07573e+03   -1.85309e+04   -3.27908e+04   -1.73922e+04
 Pressure (bar)
    0.00000e+00

           Step           Time         Lambda
             33       33.00000        0.00000

   Energies (kJ/mol)
        G96Bond       G96Angle    Proper Dih.  Improper Dih.          LJ-14
    2.16636e+02    1.10456e+03    1.07899e+03    2.81495e+02    2.22651e+02
     Coulomb-14        LJ (SR)   Coulomb (SR)   Coul. recip.      Potential
    3.71202e+04   -6.08951e+03   -1.85555e+04   -3.28018e+04   -1.74222e+04
 Pressure (bar)
    0.00000e+00

           Step           Time         Lambda
             34       34.00000        0.00000

   Energies (kJ/mol)
        G96Bond       G96Angle    Proper Dih.  Improper Dih.          LJ-14
    2.14785e+02    1.08940e+03    1.07906e+03    2.83224e+02    2.17278e+02
     Coulomb-14        LJ (SR)   Coulomb (SR)   Coul. recip.      Potential
    3.71129e+04   -6.10022e+03   -1.85521e+04   -3.28013e+04   -1.74570e+04
 Pressure (bar)
    0.00000e+00

           Step           Time         Lambda
             35       35.00000        0.00000

   Energies (kJ/mol)
        G96Bond       G96Angle    Proper Dih.  Improper Dih.          LJ-14
    2.46687e+02    1.11951e+03    1.07927e+03    2.86780e+02    2.00794e+02
     Coulomb-14        LJ (SR)   Coulomb (SR)   Coul. recip.      Potential
    3.71009e+04   -6.11243e+03   -1.85795e+04   -3.28136e+04   -1.74715e+04
 Pressure (bar)
    0.00000e+00

           Step           Time         Lambda
             36       36.00000        0.00000

   Energies (kJ/mol)
        G96Bond       G96Angle    Proper Dih.  Improper Dih.          LJ-14
    2.57679e+02    1.09783e+03    1.07935e+03    2.88196e+02    1.97911e+02
     Coulomb-14        LJ (SR)   Coulomb (SR)   Coul. recip.      Potential
    3.70949e+04   -6.12233e+03   -1.85716e+04   -3.28112e+04   -1.74892e+04
 Pressure (bar)
    0.00000e+00

           Step           Time         Lambda
             37       37.00000        0.00000

           Step           Time         Lambda
             38       38.00000        0.00000

   Energies (kJ/mol)
        G96Bond       G96Angle    Proper Dih.  Improper Dih.          LJ-14
    1.84884e+02    1.10662e+03    1.07944e+03    2.89843e+02    1.88506e+02
     Coulomb-14        LJ (SR)   Coulomb (SR)   Coul. recip.      Potential
    3.70885e+04   -6.12782e+03   -1.85874e+04   -3.28183e+04   -1.75958e+04
 Pressure (bar)
    0.00000e+00

           Step           Time         Lambda
             39       39.00000        0.00000

   Energies (kJ/mol)
        G96Bond       G96Angle    Proper Dih.  Improper Dih.          LJ-14
    2.72722e+02    1.12006e+03    1.08039e+03    3.00505e+02    1.51493e+02
     Coulomb-14        LJ (SR)   Coulomb (SR)   Coul. recip.      Potential
    3.70551e+04   -6.17160e+03   -1.86281e+04   -3.28396e+04   -1.76591e+04
 Pressure (bar)
    0.00000e+00

           Step           Time         Lambda
             40       40.00000        0.00000

   Energies (kJ/mol)
        G96Bond       G96Angle    Proper Dih.  Improper Dih.          LJ-14
    2.07856e+02    1.13170e+03    1.08036e+03    3.01842e+02    1.40305e+02
     Coulomb-14        LJ (SR)   Coulomb (SR)   Coul. recip.      Potential
    3.70440e+04   -6.17722e+03   -1.86445e+04   -3.28470e+04   -1.77626e+04
 Pressure (bar)
    0.00000e+00

           Step           Time         Lambda
             41       41.00000        0.00000

           Step           Time         Lambda
             42       42.00000        0.00000

   Energies (kJ/mol)
        G96Bond       G96Angle    Proper Dih.  Improper Dih.          LJ-14
    2.04033e+02    1.12258e+03    1.08056e+03    3.03296e+02    1.36302e+02
     Coulomb-14        LJ (SR)   Coulomb (SR)   Coul. recip.      Potential
    3.70407e+04   -6.18442e+03   -1.86474e+04   -3.28488e+04   -1.77932e+04
 Pressure (bar)
    0.00000e+00

           Step           Time         Lambda
             43       43.00000        0.00000

   Energies (kJ/mol)
        G96Bond       G96Angle    Proper Dih.  Improper Dih.          LJ-14
    2.25366e+02    1.14268e+03    1.08069e+03    3.05411e+02    1.24954e+02
     Coulomb-14        LJ (SR)   Coulomb (SR)   Coul. recip.      Potential
    3.70290e+04   -6.19292e+03   -1.86646e+04   -3.28573e+04   -1.78068e+04
 Pressure (bar)
    0.00000e+00

           Step           Time         Lambda
             44       44.00000        0.00000

   Energies (kJ/mol)
        G96Bond       G96Angle    Proper Dih.  Improper Dih.          LJ-14
    2.28770e+02    1.12855e+03    1.08090e+03    3.06763e+02    1.22481e+02
     Coulomb-14        LJ (SR)   Coulomb (SR)   Coul. recip.      Potential
    3.70269e+04   -6.19975e+03   -1.86658e+04   -3.28582e+04   -1.78293e+04
 Pressure (bar)
    0.00000e+00

           Step           Time         Lambda
             45       45.00000        0.00000

   Energies (kJ/mol)
        G96Bond       G96Angle    Proper Dih.  Improper Dih.          LJ-14
    2.58856e+02    1.15602e+03    1.08101e+03    3.08696e+02    1.10567e+02
     Coulomb-14        LJ (SR)   Coulomb (SR)   Coul. recip.      Potential
    3.70144e+04   -6.20725e+03   -1.86844e+04   -3.28676e+04   -1.78297e+04
 Pressure (bar)
    0.00000e+00

           Step           Time         Lambda
             46       46.00000        0.00000

           Step           Time         Lambda
             47       47.00000        0.00000

   Energies (kJ/mol)
        G96Bond       G96Angle    Proper Dih.  Improper Dih.          LJ-14
    1.88877e+02    1.13605e+03    1.08110e+03    3.09289e+02    1.09778e+02
     Coulomb-14        LJ (SR)   Coulomb (SR)   Coul. recip.      Potential
    3.70142e+04   -6.21048e+03   -1.86835e+04   -3.28673e+04   -1.79221e+04
 Pressure (bar)
    0.00000e+00


Steepest Descents converged to Fmax < 1000 in 48 steps
Potential Energy  = -1.7922055e+04
Maximum force     =  8.6613727e+02 on atom 1186
Norm of force     =  9.5309349e+01

	M E G A - F L O P S   A C C O U N T I N G

 NB=Group-cutoff nonbonded kernels    NxN=N-by-N cluster Verlet kernels
 RF=Reaction-Field  VdW=Van der Waals  QSTab=quadratic-spline table
 W3=SPC/TIP3p  W4=TIP4p (single or pairs)
 V&F=Potential and force  V=Potential only  F=Force only

 Computing:                               M-Number         M-Flops  % Flops
-----------------------------------------------------------------------------
 NB VdW [V&F]                           327.529096         327.529     6.6
 NB Elec. [V&F]                         425.140464         425.140     8.5
 NB VdW & Elec. [V&F]                   622.123369         622.123    12.5
 1,4 nonbonded interactions               0.188208          16.939     0.3
 Calc Weights                             0.336816          12.125     0.2
 Spread Q Bspline                         7.185408          14.371     0.3
 Gather F Bspline                         7.185408          43.112     0.9
 3D-FFT                                 394.012320        3152.099    63.3
 Solve PME                                1.382400          88.474     1.8
 NS-Pairs                                10.174051         213.655     4.3
 Reset In Box                             0.047952           0.144     0.0
 CG-CoM                                   0.138001           0.414     0.0
 Bonds                                    0.113616           6.703     0.1
 Angles                                   0.165600          27.821     0.6
 Propers                                  0.060288          13.806     0.3
 Impropers                                0.054528          11.342     0.2
 Virial                                   0.164112           2.954     0.1
-----------------------------------------------------------------------------
 Total                                                    4978.751   100.0
-----------------------------------------------------------------------------


    D O M A I N   D E C O M P O S I T I O N   S T A T I S T I C S

 av. #atoms communicated per step for force:  2 x 6018.6


     R E A L   C Y C L E   A N D   T I M E   A C C O U N T I N G

 Computing:         Nodes   Th.     Count  Wall t (s)     G-Cycles       %
-----------------------------------------------------------------------------
 Domain decomp.        24    1         58       0.013        1.373     2.9
 DD comm. load         24    1          1       0.000        0.004     0.0
 Neighbor search       24    1         48       0.016        1.724     3.7
 Comm. coord.          24    1         48       0.011        1.163     2.5
 Force                 24    1         48       0.011        1.174     2.5
 Wait + Comm. F        24    1         48       0.001        0.130     0.3
 PME mesh              24    1         48       0.164       17.523    37.6
 Comm. energies        24    1         48       0.001        0.093     0.2
 Rest                  24                       0.220       23.472    50.3
-----------------------------------------------------------------------------
 Total                 24                       0.437       46.655   100.0
-----------------------------------------------------------------------------
-----------------------------------------------------------------------------
 PME redist. X/F       24    1         96       0.143       15.286    32.8
 PME spread/gather     24    1         96       0.004        0.378     0.8
 PME 3D-FFT            24    1         96       0.008        0.846     1.8
 PME 3D-FFT Comm.      24    1        192       0.005        0.483     1.0
 PME solve             24    1         48       0.005        0.522     1.1
-----------------------------------------------------------------------------

               Core t (s)   Wall t (s)        (%)
       Time:       10.090        0.437     2307.0
               (steps/hour)
Performance:       395089.8
Finished mdrun on node 0 Sun Mar 18 23:31:01 2018
